[0] loading Cellpose-SAM (cpsam) on GPU ...
[1] full-res crop -> Cellpose instance seg -> register -> normalize (6 images)
/home/michaelvolk/miniconda3/envs/torchcell/lib/python3.13/site-packages/cellpose/dynamics.py:541: UserWarning: Sparse invariant checks are implicitly disabled. Memory errors (e.g. SEGFAULT) will occur when operating on a sparse tensor which violates the invariants, but checks incur performance overhead. To silence this warning, explicitly opt in or out. See `torch.sparse.check_sparse_tensor_invariants.__doc__` for guidance.  (Triggered internally at /pytorch/aten/src/ATen/Context.cpp:760.)
  coo = torch.sparse_coo_tensor(pt, torch.ones(pt.shape[1], device=pt.device, dtype=torch.int),
    P1_t44: op=identity instances=292 offgrid=0 occupied 281/384 M=1 blanks_empty=6/6 size_r=0.464 WT_CV cp=0.147 cl=0.239
    P2_t44: op=identity instances=372 offgrid=1 occupied 350/384 M=2 blanks_empty=6/6 size_r=0.667 WT_CV cp=0.127 cl=0.138
    P1_t50: op=identity instances=293 offgrid=0 occupied 281/384 M=1 blanks_empty=6/6 size_r=0.791 WT_CV cp=0.134 cl=0.130
    P2_t50: op=identity instances=368 offgrid=1 occupied 354/384 M=2 blanks_empty=6/6 size_r=0.865 WT_CV cp=0.120 cl=0.123
    P1_t72: op=identity instances=305 offgrid=3 occupied 283/384 M=1 blanks_empty=6/6 size_r=0.684 WT_CV cp=0.138 cl=0.167
    P2_t72: op=identity instances=388 offgrid=1 occupied 323/384 M=35 blanks_empty=0/6 size_r=0.389 WT_CV cp=0.178 cl=0.349

[2] per-strain fitness (mutant / BY4741) per condition

[3] Cellpose vs classical (same full-res pixels)
 group  n_instances  n_offgrid  occupied_cp  occupied_cl  multi_cp  multi_cl  size_pearson  size_spearman  wt_cv_cp  wt_cv_cl  wt_median_norm
P1_t44          292          0          281          284         1        16         0.464          0.473     0.147     0.239           1.131
P2_t44          372          1          350          363         2         2         0.667          0.732     0.127     0.138           1.300
P1_t50          293          0          281          297         1         3         0.791          0.791     0.134     0.130           1.099
P2_t50          368          1          354          363         2         0         0.865          0.878     0.120     0.123           1.236
P1_t72          305          3          283          297         1         2         0.684          0.687     0.138     0.167           1.053
P2_t72          388          1          323          353        35        16         0.389          0.419     0.178     0.349           1.074

wrote results -> /home/michaelvolk/Documents/projects/torchcell.worktrees/paper/figures-fig1/experiments/019-echo-crispr-array/results
wrote overlays -> /home/michaelvolk/Documents/projects/torchcell.worktrees/paper/figures-fig1/notes/assets/images/019-echo-crispr-array/cellpose
