[0] loading Cellpose-SAM (cpsam) on GPU ...
[1] full-res crop -> Cellpose instance seg -> register -> normalize (6 images)
/home/michaelvolk/miniconda3/envs/torchcell/lib/python3.13/site-packages/cellpose/dynamics.py:541: UserWarning: Sparse invariant checks are implicitly disabled. Memory errors (e.g. SEGFAULT) will occur when operating on a sparse tensor which violates the invariants, but checks incur performance overhead. To silence this warning, explicitly opt in or out. See `torch.sparse.check_sparse_tensor_invariants.__doc__` for guidance.  (Triggered internally at /pytorch/aten/src/ATen/Context.cpp:760.)
  coo = torch.sparse_coo_tensor(pt, torch.ones(pt.shape[1], device=pt.device, dtype=torch.int),
    P1_t44: op=identity instances=281 offgrid=0 occupied 279/384 M=1 blanks_empty=6/6 size_r=0.450 WT_CV cp=0.153 cl=0.239
    P2_t44: op=identity instances=359 offgrid=0 occupied 354/384 M=3 blanks_empty=6/6 size_r=0.704 WT_CV cp=0.123 cl=0.138
    P1_t50: op=identity instances=283 offgrid=0 occupied 282/384 M=1 blanks_empty=6/6 size_r=0.787 WT_CV cp=0.130 cl=0.130
    P2_t50: op=identity instances=355 offgrid=0 occupied 352/384 M=2 blanks_empty=6/6 size_r=0.858 WT_CV cp=0.112 cl=0.123
    P1_t72: op=identity instances=291 offgrid=0 occupied 283/384 M=1 blanks_empty=6/6 size_r=0.639 WT_CV cp=0.137 cl=0.167
    P2_t72: op=identity instances=378 offgrid=0 occupied 320/384 M=35 blanks_empty=0/6 size_r=0.482 WT_CV cp=0.170 cl=0.349

[2] per-strain fitness (mutant / BY4741) per condition

[3] Cellpose vs classical (same full-res pixels)
 group  n_instances  n_offgrid  occupied_cp  occupied_cl  multi_cp  multi_cl  size_pearson  size_spearman  wt_cv_cp  wt_cv_cl  wt_median_norm
P1_t44          281          0          279          284         1        16         0.450          0.452     0.153     0.239           1.118
P2_t44          359          0          354          363         3         2         0.704          0.762     0.123     0.138           1.188
P1_t50          283          0          282          297         1         3         0.787          0.784     0.130     0.130           1.088
P2_t50          355          0          352          363         2         0         0.858          0.876     0.112     0.123           1.215
P1_t72          291          0          283          297         1         2         0.639          0.666     0.137     0.167           1.052
P2_t72          378          0          320          353        35        16         0.482          0.493     0.170     0.349           1.040

wrote results -> /home/michaelvolk/Documents/projects/torchcell.worktrees/paper/figures-fig1/experiments/019-echo-crispr-array/results
wrote overlays -> /home/michaelvolk/Documents/projects/torchcell.worktrees/paper/figures-fig1/notes/assets/images/019-echo-crispr-array/cellpose
