[0] loading Cellpose-SAM (cpsam) on GPU ...
[1] full-res crop -> Cellpose instance seg -> register -> normalize (6 images)
/home/michaelvolk/miniconda3/envs/torchcell/lib/python3.13/site-packages/cellpose/dynamics.py:541: UserWarning: Sparse invariant checks are implicitly disabled. Memory errors (e.g. SEGFAULT) will occur when operating on a sparse tensor which violates the invariants, but checks incur performance overhead. To silence this warning, explicitly opt in or out. See `torch.sparse.check_sparse_tensor_invariants.__doc__` for guidance.  (Triggered internally at /pytorch/aten/src/ATen/Context.cpp:760.)
  coo = torch.sparse_coo_tensor(pt, torch.ones(pt.shape[1], device=pt.device, dtype=torch.int),
    P1_t44: op=identity instances=292 offgrid=0 occupied 281/384 M=1 blanks_empty=6/6 size_r=0.468 WT_CV cp=0.128 cl=0.239
    P2_t44: op=identity instances=372 offgrid=1 occupied 350/384 M=2 blanks_empty=6/6 size_r=0.668 WT_CV cp=0.112 cl=0.138
    P1_t50: op=identity instances=293 offgrid=0 occupied 281/384 M=1 blanks_empty=6/6 size_r=0.792 WT_CV cp=0.119 cl=0.130
    P2_t50: op=identity instances=368 offgrid=1 occupied 354/384 M=2 blanks_empty=6/6 size_r=0.865 WT_CV cp=0.107 cl=0.123
    P1_t72: op=identity instances=305 offgrid=3 occupied 283/384 M=1 blanks_empty=6/6 size_r=0.685 WT_CV cp=0.126 cl=0.167
    P2_t72: op=identity instances=388 offgrid=1 occupied 323/384 M=35 blanks_empty=0/6 size_r=0.356 WT_CV cp=0.163 cl=0.349

[2] per-strain fitness (mutant / BY4741) per condition

[3] Cellpose vs classical (same full-res pixels)
 group  n_instances  n_offgrid  occupied_cp  occupied_cl  multi_cp  multi_cl  size_pearson  size_spearman  wt_cv_cp  wt_cv_cl  wt_median_norm
P1_t44          292          0          281          284         1        16         0.468          0.474     0.128     0.239           1.121
P2_t44          372          1          350          363         2         2         0.668          0.730     0.112     0.138           1.250
P1_t50          293          0          281          297         1         3         0.792          0.791     0.119     0.130           1.090
P2_t50          368          1          354          363         2         0         0.865          0.877     0.107     0.123           1.204
P1_t72          305          3          283          297         1         2         0.685          0.688     0.126     0.167           1.052
P2_t72          388          1          323          353        35        16         0.356          0.415     0.163     0.349           1.062

wrote results -> /home/michaelvolk/Documents/projects/torchcell.worktrees/paper/figures-fig1/experiments/019-echo-crispr-array/results
wrote overlays -> /home/michaelvolk/Documents/projects/torchcell.worktrees/paper/figures-fig1/notes/assets/images/019-echo-crispr-array/cellpose
