2023-12-13 22:39:02,025	INFO	module:_logger
This is BioCypher v0.5.34.
2023-12-13 22:39:02,025	INFO	module:_logger
Logging into `biocypher-log/biocypher-20231213-223902.log`.
2023-12-13 22:39:03,155	INFO	module:_get
Creating cache directory .cache.
2023-12-13 22:39:03,156	INFO	module:_get
Creating cache file .cache/cache.json.
2023-12-13 22:39:03,156	INFO	module:_get
Loading cache file .cache/cache.json.
2023-12-13 22:39:03,156	INFO	module:_get
Asking for download of collectri.
2023-12-13 22:39:04,551	INFO	module:collectri_adapter
Preprocessing data.
2023-12-13 22:39:04,599	INFO	module:_ontology
Loading ontologies...
2023-12-13 22:39:04,600	INFO	module:_ontology
Instantiating OntologyAdapter class for https://github.com/biolink/biolink-model/raw/v3.2.1/biolink-model.owl.ttl.
2023-12-13 22:39:05,385	INFO	module:collectri_adapter
Generating nodes.
2023-12-13 22:39:05,400	WARNING	module:_deduplicate
Duplicate node type transcription factor found. 
2023-12-13 22:39:05,443	INFO	module:collectri_adapter
Generating edges.
2023-12-13 22:39:06,830	INFO	module:_ontology
Loading ontologies...
2023-12-13 22:39:06,830	INFO	module:_ontology
Instantiating OntologyAdapter class for https://github.com/biolink/biolink-model/raw/v3.2.1/biolink-model.owl.ttl.
2023-12-13 22:39:07,488	INFO	module:_write
Creating output directory `/Users/michaelvolk/Documents/projects/torchcell/biocypher-out/20231213223906`.
2023-12-13 22:39:07,488	INFO	module:collectri_adapter
Generating nodes.
2023-12-13 22:39:07,500	WARNING	module:_deduplicate
Duplicate node type transcription factor found. 
2023-12-13 22:39:07,531	INFO	module:_write
Writing 6838 entries to Gene-part000.csv
2023-12-13 22:39:07,533	INFO	module:_write
Writing 267 entries to TranscriptionFactor-part000.csv
2023-12-13 22:39:07,534	INFO	module:collectri_adapter
Generating edges.
2023-12-13 22:39:08,776	INFO	module:_write
Writing 43536 entries to TranscriptionalRegulation-part000.csv
2023-12-13 22:39:08,788	INFO	module:_write
Writing neo4j import call to `/Users/michaelvolk/Documents/projects/torchcell/biocypher-out/20231213223906/neo4j-admin-import-call.sh`.
2023-12-13 22:39:08,789	INFO	module:_write
Writing 1 entries to Schema_info-part000.csv
2023-12-13 22:39:08,790	WARNING	module:_write
Header file `/Users/michaelvolk/Documents/projects/torchcell/biocypher-out/20231213223906/Gene-header.csv` already exists. Overwriting.
2023-12-13 22:39:08,790	WARNING	module:_write
Header file `/Users/michaelvolk/Documents/projects/torchcell/biocypher-out/20231213223906/TranscriptionFactor-header.csv` already exists. Overwriting.
2023-12-13 22:39:08,790	INFO	module:_write
Writing neo4j import call to `/Users/michaelvolk/Documents/projects/torchcell/biocypher-out/20231213223906/neo4j-admin-import-call.sh`.
2023-12-13 22:39:08,790	INFO	module:_ontology
Showing ontology structure based on https://github.com/biolink/biolink-model/raw/v3.2.1/biolink-model.owl.ttl
2023-12-13 22:39:08,790	INFO	module:_ontology

entity
├── association
│   └── gene to gene association
│       └── pairwise gene to gene interaction
│           └── transcriptional regulation
└── named thing
    └── biological entity
        └── gene
            └── transcription factor

2023-12-13 22:39:08,791	INFO	module:_core
Duplicate node types encountered (IDs in log): 
    transcription factor

2023-12-13 22:39:08,791	INFO	module:_core
No duplicate edges in input.
2023-12-13 22:39:08,791	INFO	module:_core
No missing labels in input.
